{
  "RSpec": {
    "coverage": {
      "/Users/ericlaquer/Documents/GitHub/rack-fts/lib/rack-fts.rb": {
        "lines": [
          null,
          null,
          1,
          1,
          1,
          null,
          1,
          1,
          1,
          1,
          1,
          1,
          1,
          1,
          null,
          null,
          1,
          1,
          1,
          1,
          1,
          null,
          null,
          1,
          null,
          1,
          1,
          1,
          null,
          1,
          1,
          0,
          null,
          null,
          1,
          0,
          null,
          null,
          null,
          null
        ]
      },
      "/Users/ericlaquer/Documents/GitHub/rack-fts/lib/rack/fts/configuration.rb": {
        "lines": [
          null,
          null,
          1,
          null,
          1,
          1,
          1,
          1,
          null,
          1,
          null,
          null,
          null,
          null,
          null,
          null,
          null,
          null,
          null,
          1,
          1,
          1,
          1,
          1,
          1,
          1,
          1,
          1,
          1,
          null,
          null,
          1,
          0,
          null,
          null,
          null,
          null,
          null,
          1,
          16,
          16,
          16,
          16,
          16,
          16,
          16,
          16,
          16,
          16,
          16,
          null,
          null,
          null,
          null
        ]
      },
      "/Users/ericlaquer/Documents/GitHub/rack-fts/lib/rack/fts/stage.rb": {
        "lines": [
          null,
          null,
          1,
          1,
          1,
          1,
          null,
          1,
          null,
          1,
          73,
          72,
          null,
          null,
          null,
          1,
          55,
          null,
          1,
          null,
          null,
          null,
          null,
          null,
          null,
          null,
          null,
          1,
          22,
          null,
          null,
          null,
          1,
          7,
          null,
          null,
          null,
          1,
          7,
          null,
          null,
          null,
          1,
          0,
          0,
          null,
          null,
          null,
          1,
          0,
          0,
          null,
          null,
          null,
          1,
          3,
          null,
          null,
          1,
          null,
          null,
          null,
          null,
          1,
          0,
          null,
          null,
          null,
          null,
          null,
          1,
          0,
          null,
          null,
          null,
          null
        ]
      },
      "/Users/ericlaquer/Documents/GitHub/rack-fts/lib/rack/fts/task.rb": {
        "lines": [
          null,
          null,
          1,
          1,
          1,
          1,
          1,
          null,
          1,
          null,
          1,
          21,
          null,
          null,
          null,
          null,
          null,
          1,
          62,
          61,
          61,
          null,
          null,
          null,
          null,
          null,
          1,
          18,
          null,
          18,
          46,
          null,
          null,
          11,
          null,
          null,
          null,
          null,
          null,
          1,
          0,
          0,
          null,
          0,
          0,
          0,
          null,
          0,
          0,
          0,
          null,
          0,
          null,
          null,
          null,
          0,
          null,
          null,
          null,
          null,
          1,
          0,
          null,
          null,
          null,
          null,
          1,
          0,
          null,
          null,
          null,
          null,
          1,
          2,
          null,
          null,
          null,
          null,
          1,
          2,
          null,
          null,
          null,
          1,
          1,
          null,
          null,
          1,
          null,
          null,
          null,
          null,
          1,
          null,
          18,
          null,
          null,
          null,
          null,
          null,
          null,
          null,
          null,
          null,
          null,
          null,
          null,
          1,
          0,
          null,
          null,
          null,
          null
        ]
      },
      "/Users/ericlaquer/Documents/GitHub/rack-fts/lib/rack/fts/application.rb": {
        "lines": [
          null,
          null,
          1,
          1,
          1,
          1,
          null,
          1,
          null,
          1,
          4,
          4,
          4,
          null,
          null,
          null,
          null,
          null,
          1,
          4,
          null,
          4,
          null,
          2,
          null,
          2,
          null,
          null,
          null,
          1,
          null,
          null,
          null,
          1,
          4,
          4,
          4,
          4,
          4,
          null,
          null,
          null,
          null,
          null,
          null,
          1,
          2,
          2,
          null,
          null,
          null,
          null,
          null,
          1,
          2,
          2,
          2,
          null,
          2,
          null,
          null,
          null,
          null,
          null,
          1,
          2,
          null,
          2,
          null,
          0,
          null,
          0,
          null,
          0,
          null,
          null,
          null,
          null,
          null,
          null,
          1,
          2,
          null,
          2,
          null,
          null,
          null,
          null,
          null,
          null,
          null
        ]
      },
      "/Users/ericlaquer/Documents/GitHub/rack-fts/lib/rack/fts/middleware.rb": {
        "lines": [
          null,
          null,
          1,
          1,
          1,
          1,
          null,
          1,
          null,
          1,
          0,
          0,
          0,
          null,
          null,
          null,
          null,
          null,
          1,
          0,
          null,
          null,
          0,
          0,
          null,
          0,
          null,
          null,
          0,
          0,
          0,
          0,
          null,
          null,
          0,
          0,
          null,
          0,
          0,
          null,
          null,
          1,
          null,
          null,
          null,
          null,
          1,
          null,
          0,
          null,
          null,
          null,
          null,
          null,
          null,
          null,
          null,
          null,
          null,
          1,
          0,
          null,
          0,
          0,
          0,
          0,
          null,
          null,
          null,
          null,
          null,
          null,
          null,
          1,
          0,
          0,
          0,
          null,
          0,
          null,
          null,
          null,
          null,
          null,
          1,
          0,
          null,
          0,
          null,
          0,
          null,
          0,
          null,
          null,
          null,
          null,
          null,
          null,
          1,
          0,
          null,
          0,
          null,
          null,
          null,
          null,
          null,
          null,
          null
        ]
      },
      "/Users/ericlaquer/Documents/GitHub/rack-fts/lib/rack/fts/route_base.rb": {
        "lines": [
          null,
          null,
          1,
          null,
          1,
          1,
          null,
          null,
          null,
          null,
          null,
          null,
          null,
          null,
          null,
          null,
          null,
          null,
          null,
          null,
          null,
          null,
          null,
          null,
          null,
          null,
          null,
          null,
          null,
          null,
          null,
          null,
          null,
          null,
          null,
          null,
          null,
          null,
          null,
          null,
          null,
          null,
          null,
          null,
          null,
          null,
          null,
          1,
          1,
          null,
          1,
          null,
          null,
          null,
          1,
          35,
          35,
          null,
          null,
          null,
          null,
          null,
          1,
          37,
          37,
          null,
          null,
          null,
          null,
          null,
          null,
          null,
          null,
          1,
          7,
          0,
          0,
          null,
          7,
          null,
          null,
          null,
          null,
          null,
          null,
          null,
          1,
          12,
          10,
          null,
          null,
          null,
          null,
          null,
          1,
          7,
          0,
          null,
          7,
          null,
          null,
          null,
          1,
          null,
          null,
          null,
          1,
          3,
          null,
          null,
          null,
          null,
          1,
          3,
          null,
          null,
          null,
          null,
          null,
          1,
          0,
          null,
          null,
          null,
          null,
          1,
          7,
          null,
          null,
          1,
          null,
          null,
          null,
          1,
          7,
          7,
          null,
          null,
          null,
          null,
          null,
          1,
          7,
          7,
          null,
          7,
          null,
          5,
          null,
          2,
          null,
          null,
          null,
          null,
          null,
          null,
          1,
          0,
          0,
          0,
          null,
          null,
          0,
          null,
          null,
          0,
          null,
          null,
          null,
          null,
          null,
          0,
          null,
          null,
          null,
          0,
          null,
          null,
          null,
          null,
          null,
          null,
          null,
          1,
          7,
          7,
          7,
          7,
          7,
          null,
          null,
          null,
          null,
          null,
          null,
          1,
          12,
          null,
          null,
          null,
          null,
          null,
          1,
          10,
          10,
          null,
          10,
          3,
          7,
          0,
          null,
          null,
          null,
          null,
          null,
          null,
          1,
          2,
          2,
          2,
          null,
          2,
          null,
          null,
          null,
          null,
          null,
          1,
          2,
          null,
          2,
          null,
          0,
          null,
          0,
          null,
          null,
          null,
          null,
          null,
          null,
          1,
          null,
          2,
          null,
          null,
          null,
          null,
          null,
          null,
          null,
          null
        ]
      },
      "/Users/ericlaquer/Documents/GitHub/rack-fts/lib/rack/fts/router.rb": {
        "lines": [
          null,
          null,
          1,
          null,
          1,
          1,
          null,
          null,
          null,
          null,
          null,
          null,
          null,
          null,
          null,
          null,
          null,
          null,
          null,
          null,
          null,
          null,
          null,
          null,
          null,
          null,
          null,
          null,
          null,
          null,
          1,
          1,
          null,
          1,
          null,
          null,
          null,
          null,
          1,
          12,
          12,
          12,
          null,
          null,
          null,
          null,
          null,
          1,
          null,
          9,
          null,
          null,
          8,
          null,
          null,
          1,
          null,
          null,
          null,
          null,
          1,
          0,
          0,
          null,
          null,
          0,
          null,
          null,
          null,
          null,
          null,
          null,
          null,
          1,
          8,
          null,
          null,
          8,
          6,
          null,
          null,
          8,
          3,
          null,
          null,
          5,
          null,
          null,
          null,
          null,
          null,
          null,
          null,
          1,
          null,
          5,
          null,
          null,
          null,
          null,
          null,
          null,
          null,
          null,
          null,
          1,
          5,
          null,
          null,
          null,
          null,
          null,
          null,
          null,
          null,
          null
        ]
      },
      "/Users/ericlaquer/Documents/GitHub/rack-fts/lib/rack/fts/stages/authenticate.rb": {
        "lines": [
          null,
          null,
          1,
          1,
          1,
          1,
          1,
          null,
          1,
          null,
          7,
          7,
          null,
          7,
          4,
          null,
          null,
          null,
          null,
          null,
          null,
          null,
          3,
          null,
          3,
          0,
          null,
          null,
          null,
          null,
          null,
          null,
          null,
          3,
          null,
          3,
          0,
          null,
          null,
          null,
          null,
          null,
          null,
          null,
          3,
          3,
          null,
          null,
          1,
          null,
          null,
          null,
          null,
          null,
          1,
          null,
          3,
          3,
          3,
          null,
          0,
          null,
          null,
          null,
          null,
          null,
          null,
          null,
          1,
          null,
          null,
          3,
          null,
          null,
          null,
          null,
          null,
          null,
          null,
          null
        ]
      },
      "/Users/ericlaquer/Documents/GitHub/rack-fts/lib/rack/fts/stages/authorize.rb": {
        "lines": [
          null,
          null,
          1,
          1,
          1,
          1,
          1,
          null,
          1,
          null,
          3,
          null,
          3,
          0,
          null,
          null,
          null,
          null,
          null,
          null,
          null,
          3,
          3,
          3,
          null,
          null,
          3,
          null,
          3,
          0,
          null,
          null,
          null,
          null,
          null,
          null,
          null,
          null,
          null,
          3,
          3,
          null,
          null,
          1,
          null,
          null,
          null,
          null,
          null,
          1,
          null,
          3,
          null,
          null,
          null,
          null,
          null,
          null,
          1,
          null,
          3,
          null,
          null,
          null,
          null,
          null,
          null,
          null,
          null,
          1,
          null,
          null,
          3,
          null,
          null,
          null,
          null,
          null,
          null,
          null,
          null,
          null,
          null,
          null
        ]
      },
      "/Users/ericlaquer/Documents/GitHub/rack-fts/lib/rack/fts/stages/action.rb": {
        "lines": [
          null,
          null,
          1,
          1,
          1,
          1,
          1,
          null,
          1,
          null,
          7,
          null,
          7,
          0,
          null,
          null,
          null,
          null,
          null,
          null,
          null,
          7,
          7,
          null,
          null,
          7,
          null,
          7,
          0,
          null,
          null,
          null,
          null,
          null,
          null,
          null,
          7,
          7,
          null,
          null,
          1,
          null,
          null,
          null,
          null,
          null,
          null,
          null,
          1,
          null,
          1,
          null,
          null,
          null,
          null,
          null,
          null,
          null,
          null,
          null,
          null,
          null,
          null
        ]
      },
      "/Users/ericlaquer/Documents/GitHub/rack-fts/lib/rack/fts/stages/render.rb": {
        "lines": [
          null,
          null,
          1,
          1,
          1,
          1,
          1,
          null,
          1,
          null,
          7,
          null,
          7,
          0,
          null,
          null,
          null,
          null,
          null,
          null,
          null,
          7,
          null,
          null,
          7,
          null,
          null,
          7,
          null,
          null,
          1,
          null,
          null,
          null,
          null,
          null,
          null,
          1,
          null,
          7,
          7,
          7,
          null,
          null,
          null,
          null,
          null,
          1,
          7,
          7,
          null,
          null,
          null,
          null,
          null,
          1,
          0,
          null,
          null,
          null,
          null,
          null,
          null,
          null,
          null,
          null,
          null,
          null,
          null,
          null,
          null,
          null,
          null
        ]
      },
      "/Users/ericlaquer/Documents/GitHub/rack-fts/lib/rack/fts/stages/no_op.rb": {
        "lines": [
          null,
          null,
          1,
          1,
          1,
          null,
          null,
          null,
          null,
          null,
          null,
          null,
          null,
          null,
          null,
          null,
          null,
          null,
          null,
          null,
          1,
          1,
          null,
          1,
          null,
          8,
          null,
          null,
          null,
          null,
          null,
          8,
          null,
          null,
          null,
          null,
          null,
          8,
          null,
          null,
          null,
          null,
          null
        ]
      },
      "/Users/ericlaquer/Documents/GitHub/rack-fts/lib/rack/fts/routes/health_check.rb": {
        "lines": [
          null,
          null,
          1,
          1,
          1,
          null,
          null,
          null,
          null,
          null,
          null,
          null,
          null,
          null,
          null,
          null,
          null,
          null,
          null,
          null,
          null,
          null,
          null,
          1,
          1,
          1,
          null,
          null,
          1,
          1,
          null,
          1,
          0,
          null,
          null,
          null,
          null,
          null,
          null,
          1,
          null,
          null,
          1,
          0,
          null,
          null,
          null,
          1,
          0,
          null,
          null,
          1,
          0,
          null,
          null,
          null,
          null,
          null
        ]
      }
    },
    "timestamp": 1768316066
  }
}
